<?xml version="1.0" encoding="UTF-8"?>
<!-- Generated by org.testng.reporters.JUnitReportReporter -->
<testsuite name="com.tests.TestCases" tests="1" time="0.016" ignored="0" failures="0" timestamp="29 Dec 2020 11:12:02 GMT" skipped="0" hostname="DESKTOP-HMI8JJM" errors="0">
  <testcase name="test1" time="0.016" classname="com.tests.TestCases"/>
</testsuite> <!-- com.tests.TestCases -->
